#
# There is insufficient memory for the Java Runtime Environment to continue.
# Native memory allocation (mmap) failed to map 123731968 bytes for Failed to commit area from 0x000000008a600000 to 0x0000000091c00000 of length 123731968.
# Possible reasons:
#   The system is out of physical RAM or swap space
#   The process is running with CompressedOops enabled, and the Java Heap may be blocking the growth of the native heap
# Possible solutions:
#   Reduce memory load on the system
#   Increase physical memory or swap space
#   Check if swap backing store is full
#   Decrease Java heap size (-Xmx/-Xms)
#   Decrease number of Java threads
#   Decrease Java thread stack sizes (-Xss)
#   Set larger code cache with -XX:ReservedCodeCacheSize=
# This output file may be truncated or incomplete.
#
#  Out of Memory Error (src/hotspot/os/windows/os_windows.cpp:3627), pid=13028, tid=6344
#
# JRE version:  (11.0.15) (build )
# Java VM: OpenJDK 64-Bit Server VM (11.0.15+0-b2043.56-9505619, mixed mode, sharing, tiered, compressed oops, g1 gc, windows-amd64)
# No core dump will be written. Minidumps are not enabled by default on client versions of Windows
#

---------------  S U M M A R Y ------------

Command Line: org.jetbrains.kotlin.cli.jvm.K2JVMCompiler @C:\Users\kayrat\StudioProjects\YouTube\app\build\20230316_12838297198343221566.compiler.options

Host: AMD Ryzen 5 5500U with Radeon Graphics         , 12 cores, 7G,  Windows 11 , 64 bit Build 22621 (10.0.22621.1344)
Time: Thu Mar 16 05:52:47 2023  Windows 11 , 64 bit Build 22621 (10.0.22621.1344) elapsed time: 0.018287 seconds (0d 0h 0m 0s)

---------------  T H R E A D  ---------------

Current thread (0x0000026990f3d000):  JavaThread "Unknown thread" [_thread_in_vm, id=6344, stack(0x000000ba4e600000,0x000000ba4e700000)]

Stack: [0x000000ba4e600000,0x000000ba4e700000]
Native frames: (J=compiled Java code, j=interpreted, Vv=VM code, C=native code)
V  [jvm.dll+0x64135a]
V  [jvm.dll+0x7d39f9]
V  [jvm.dll+0x7d51b9]
V  [jvm.dll+0x7d58a3]
V  [jvm.dll+0x2691c5]
V  [jvm.dll+0x63e4e9]
V  [jvm.dll+0x632985]
V  [jvm.dll+0x3231ac]
V  [jvm.dll+0x323032]
V  [jvm.dll+0x327c06]
V  [jvm.dll+0x36ffa2]
V  [jvm.dll+0x36fa01]
V  [jvm.dll+0x2fea28]
V  [jvm.dll+0x2ffb25]
V  [jvm.dll+0x7accd7]
V  [jvm.dll+0x7ae49f]
V  [jvm.dll+0x37d299]
V  [jvm.dll+0x78ef9f]
V  [jvm.dll+0x3ec847]
V  [jvm.dll+0x3eed31]
C  [jli.dll+0x52cb]
C  [ucrtbase.dll+0x29363]
C  [KERNEL32.DLL+0x126bd]
C  [ntdll.dll+0x5a9f8]


---------------  P R O C E S S  ---------------

Threads class SMR info:
_java_thread_list=0x0000026990ce4e70, length=0, elements={
}

Java Threads: ( => current thread )

Other Threads:
  0x0000026990f57000 GCTaskThread "GC Thread#0" [stack: 0x000000ba4e700000,0x000000ba4e800000] [id=5696]
  0x0000026990f86800 ConcurrentGCThread "G1 Main Marker" [stack: 0x000000ba4e800000,0x000000ba4e900000] [id=1608]
  0x0000026990f87800 ConcurrentGCThread "G1 Conc#0" [stack: 0x000000ba4e900000,0x000000ba4ea00000] [id=8664]

[error occurred during error reporting (printing all threads), id 0xc0000005, EXCEPTION_ACCESS_VIOLATION (0xc0000005) at pc=0x00007ff935d8f3e7]

VM state:not at safepoint (not fully initialized)

VM Mutex/Monitor currently owned by a thread:  ([mutex/lock_event])
[0x0000026990f3a7f0] Heap_lock - owner thread: 0x0000026990f3d000

Heap address: 0x000000008a600000, size: 1882 MB, Compressed Oops mode: Non-zero based: 0x000000008a600000
Narrow klass base: 0x0000000000000000, Narrow klass shift: 0

GC Heap History (0 events):
No events

Deoptimization events (0 events):
No events

Classes redefined (0 events):
No events

Internal exceptions (0 events):
No events

Events (1 events):
Event: 0.012 Loaded shared library C:\Users\kayrat\AppData\Local\JetBrains\Toolbox\apps\AndroidStudio\ch-0\221.6008.13.2211.9619390\jbr\bin\zip.dll


Dynamic libraries:
0x00007ff7073d0000 - 0x00007ff7073da000 	C:\Users\kayrat\AppData\Local\JetBrains\Toolbox\apps\AndroidStudio\ch-0\221.6008.13.2211.9619390\jbr\bin\java.exe
0x00007ff973a10000 - 0x00007ff973c24000 	C:\Windows\SYSTEM32\ntdll.dll
0x00007ff9720f0000 - 0x00007ff9721b3000 	C:\Windows\System32\KERNEL32.DLL
0x00007ff9711a0000 - 0x00007ff97153c000 	C:\Windows\System32\KERNELBASE.dll
0x00007ff9715e0000 - 0x00007ff9716f1000 	C:\Windows\System32\ucrtbase.dll
0x00007ff961990000 - 0x00007ff9619ab000 	C:\Users\kayrat\AppData\Local\JetBrains\Toolbox\apps\AndroidStudio\ch-0\221.6008.13.2211.9619390\jbr\bin\VCRUNTIME140.dll
0x00007ff961cb0000 - 0x00007ff961cc7000 	C:\Users\kayrat\AppData\Local\JetBrains\Toolbox\apps\AndroidStudio\ch-0\221.6008.13.2211.9619390\jbr\bin\jli.dll
0x00007ff972340000 - 0x00007ff9724ed000 	C:\Windows\System32\USER32.dll
0x00007ff959a70000 - 0x00007ff959cfe000 	C:\Windows\WinSxS\amd64_microsoft.windows.common-controls_6595b64144ccf1df_6.0.22621.608_none_a9444ca7c10bb01d\COMCTL32.dll
0x00007ff971000000 - 0x00007ff971026000 	C:\Windows\System32\win32u.dll
0x00007ff973910000 - 0x00007ff973939000 	C:\Windows\System32\GDI32.dll
0x00007ff971700000 - 0x00007ff971813000 	C:\Windows\System32\gdi32full.dll
0x00007ff972290000 - 0x00007ff972337000 	C:\Windows\System32\msvcrt.dll
0x00007ff971540000 - 0x00007ff9715da000 	C:\Windows\System32\msvcp_win.dll
0x00007ff972e50000 - 0x00007ff972e81000 	C:\Windows\System32\IMM32.DLL
0x00007ff961980000 - 0x00007ff96198c000 	C:\Users\kayrat\AppData\Local\JetBrains\Toolbox\apps\AndroidStudio\ch-0\221.6008.13.2211.9619390\jbr\bin\vcruntime140_1.dll
0x00007ff95c270000 - 0x00007ff95c2fd000 	C:\Users\kayrat\AppData\Local\JetBrains\Toolbox\apps\AndroidStudio\ch-0\221.6008.13.2211.9619390\jbr\bin\msvcp140.dll
0x00007ff935a80000 - 0x00007ff93663c000 	C:\Users\kayrat\AppData\Local\JetBrains\Toolbox\apps\AndroidStudio\ch-0\221.6008.13.2211.9619390\jbr\bin\server\jvm.dll
0x00007ff9733d0000 - 0x00007ff97347e000 	C:\Windows\System32\ADVAPI32.dll
0x00007ff972a80000 - 0x00007ff972b24000 	C:\Windows\System32\sechost.dll
0x00007ff972b80000 - 0x00007ff972c95000 	C:\Windows\System32\RPCRT4.dll
0x00007ff973490000 - 0x00007ff973498000 	C:\Windows\System32\PSAPI.DLL
0x00007ff969fa0000 - 0x00007ff969fd4000 	C:\Windows\SYSTEM32\WINMM.dll
0x00007ff96e170000 - 0x00007ff96e179000 	C:\Windows\SYSTEM32\WSOCK32.dll
0x00007ff967420000 - 0x00007ff96742a000 	C:\Windows\SYSTEM32\VERSION.dll
0x00007ff973050000 - 0x00007ff9730c1000 	C:\Windows\System32\WS2_32.dll
0x00007ff96fea0000 - 0x00007ff96feb8000 	C:\Windows\SYSTEM32\kernel.appcore.dll
0x00007ff96b280000 - 0x00007ff96b290000 	C:\Users\kayrat\AppData\Local\JetBrains\Toolbox\apps\AndroidStudio\ch-0\221.6008.13.2211.9619390\jbr\bin\verify.dll
0x00007ff967df0000 - 0x00007ff96801e000 	C:\Windows\SYSTEM32\DBGHELP.DLL
0x00007ff9734a0000 - 0x00007ff973829000 	C:\Windows\System32\combase.dll
0x00007ff971820000 - 0x00007ff9718f7000 	C:\Windows\System32\OLEAUT32.dll
0x00007ff960050000 - 0x00007ff960082000 	C:\Windows\SYSTEM32\dbgcore.DLL
0x00007ff970f80000 - 0x00007ff970ffb000 	C:\Windows\System32\bcryptPrimitives.dll
0x00007ff96afa0000 - 0x00007ff96afc8000 	C:\Users\kayrat\AppData\Local\JetBrains\Toolbox\apps\AndroidStudio\ch-0\221.6008.13.2211.9619390\jbr\bin\java.dll
0x00007ff96b1a0000 - 0x00007ff96b1aa000 	C:\Users\kayrat\AppData\Local\JetBrains\Toolbox\apps\AndroidStudio\ch-0\221.6008.13.2211.9619390\jbr\bin\jimage.dll
0x00007ff969b60000 - 0x00007ff969b78000 	C:\Users\kayrat\AppData\Local\JetBrains\Toolbox\apps\AndroidStudio\ch-0\221.6008.13.2211.9619390\jbr\bin\zip.dll

dbghelp: loaded successfully - version: 4.0.5 - missing functions: none
symbol engine: initialized successfully - sym options: 0x614 - pdb path: .;C:\Users\kayrat\AppData\Local\JetBrains\Toolbox\apps\AndroidStudio\ch-0\221.6008.13.2211.9619390\jbr\bin;C:\Windows\SYSTEM32;C:\Windows\WinSxS\amd64_microsoft.windows.common-controls_6595b64144ccf1df_6.0.22621.608_none_a9444ca7c10bb01d;C:\Users\kayrat\AppData\Local\JetBrains\Toolbox\apps\AndroidStudio\ch-0\221.6008.13.2211.9619390\jbr\bin\server

VM Arguments:
java_command: org.jetbrains.kotlin.cli.jvm.K2JVMCompiler @C:\Users\kayrat\StudioProjects\YouTube\app\build\20230316_12838297198343221566.compiler.options
java_class_path (initial): C:\Users\kayrat\.gradle\caches\modules-2\files-2.1\org.jetbrains.kotlin\kotlin-compiler-embeddable\1.8.0\eb9118d4bcceaa2a94b2ae2a33a4ddba7c9a947f\kotlin-compiler-embeddable-1.8.0.jar;C:\Users\kayrat\.gradle\caches\modules-2\files-2.1\org.jetbrains.kotlin\kotlin-stdlib\1.8.0\1796921c7a3e2e2665a83e6c8d33399336cd39bc\kotlin-stdlib-1.8.0.jar;C:\Users\kayrat\.gradle\caches\modules-2\files-2.1\org.jetbrains.kotlin\kotlin-script-runtime\1.8.0\b2f7e760d283cb339974851c222a4c1d48f2d3d\kotlin-script-runtime-1.8.0.jar;C:\Users\kayrat\.gradle\caches\modules-2\files-2.1\org.jetbrains.kotlin\kotlin-reflect\1.6.10\1cbe9c92c12a94eea200d23c2bbaedaf3daf5132\kotlin-reflect-1.6.10.jar;C:\Users\kayrat\.gradle\caches\modules-2\files-2.1\org.jetbrains.kotlin\kotlin-daemon-embeddable\1.8.0\d255216c551685dc3a7e852b53617f5f01aaaa5c\kotlin-daemon-embeddable-1.8.0.jar;C:\Users\kayrat\.gradle\caches\modules-2\files-2.1\org.jetbrains.intellij.deps\trove4j\1.0.20200330\3afb14d5f9ceb459d724e907a21145e8ff394f02\trove4j-1.0.20200330.jar;C:\Users\kayrat\.gradle\caches\modules-2\files-2.1\net.java.dev.jna\jna\5.6.0\330f2244e9030119ab3030fc3fededc86713d9cc\jna-5.6.0.jar;C:\Users\kayrat\.gradle\caches\modules-2\files-2.1\org.jetbrains.kotlin\kotlin-stdlib-common\1.8.0\f7197e7cc76453ac59f8b0f8d5137cc600becd36\kotlin-stdlib-common-1.8.0.jar;C:\Users\kayrat\.gradle\caches\modules-2\files-2.1\org.jetbrains\annotations\13.0\919f0dfe192fb4e063e7dacadee7f8bb9a2672a9\annotations-13.0.jar
Launcher Type: SUN_STANDARD

[Global flags]
     intx CICompilerCount                          = 4                                         {product} {ergonomic}
     uint ConcGCThreads                            = 3                                         {product} {ergonomic}
     uint G1ConcRefinementThreads                  = 10                                        {product} {ergonomic}
   size_t G1HeapRegionSize                         = 1048576                                   {product} {ergonomic}
    uintx GCDrainStackTargetSize                   = 64                                        {product} {ergonomic}
   size_t InitialHeapSize                          = 123731968                                 {product} {ergonomic}
   size_t MarkStackSize                            = 4194304                                   {product} {ergonomic}
   size_t MaxHeapSize                              = 1973420032                                {product} {ergonomic}
   size_t MinHeapDeltaBytes                        = 1048576                                   {product} {ergonomic}
    uintx NonNMethodCodeHeapSize                   = 5836300                                {pd product} {ergonomic}
    uintx NonProfiledCodeHeapSize                  = 122910970                              {pd product} {ergonomic}
    uintx ProfiledCodeHeapSize                     = 122910970                              {pd product} {ergonomic}
    uintx ReservedCodeCacheSize                    = 251658240                              {pd product} {ergonomic}
     bool SegmentedCodeCache                       = true                                      {product} {ergonomic}
     bool UseCompressedClassPointers               = true                                 {lp64_product} {ergonomic}
     bool UseCompressedOops                        = true                                 {lp64_product} {ergonomic}
     bool UseG1GC                                  = true                                      {product} {ergonomic}
     bool UseLargePagesIndividualAllocation        = false                                  {pd product} {ergonomic}

Logging:
Log output configuration:
 #0: stdout all=warning uptime,level,tags
 #1: stderr all=off uptime,level,tags

Environment Variables:
JAVA_HOME=C:\Program Files\Java\jdk-19
PATH=C:\Program Files\Common Files\Oracle\Java\javapath;C:\Windows\system32;C:\Windows;C:\Windows\System32\Wbem;C:\Windows\System32\WindowsPowerShell\v1.0\;C:\Windows\System32\OpenSSH\;C:\Program Files\Git\cmd;C:\Users\kayrat\AppData\Local\Android\Sdk\platform-tools;C:\Users\kayrat\AppData\Local\Microsoft\WindowsApps;C:\Users\kayrat\AppData\Local\JetBrains\Toolbox\scripts;;C:\Users\kayrat\AppData\Local\Programs\Microsoft VS Code\bin
USERNAME=kayrat
OS=Windows_NT
PROCESSOR_IDENTIFIER=AMD64 Family 23 Model 104 Stepping 1, AuthenticAMD



---------------  S Y S T E M  ---------------

OS: Windows 11 , 64 bit Build 22621 (10.0.22621.1344)
OS uptime: 0 days 0:55 hours

CPU:total 12 (initial active 12) (12 cores per cpu, 2 threads per core) family 23 model 104 stepping 1 microcode 0x0, cmov, cx8, fxsr, mmx, sse, sse2, sse3, ssse3, sse4.1, sse4.2, popcnt, avx, avx2, aes, clmul, mmxext, 3dnowpref, lzcnt, sse4a, ht, tsc, tscinvbit, tscinv, bmi1, bmi2, adx, sha, fma

Memory: 4k page, system-wide physical 7525M (183M free)
TotalPageFile size 15717M (AvailPageFile size 93M)
current process WorkingSet (physical memory assigned to process): 10M, peak: 10M
current process commit charge ("private bytes"): 64M, peak: 182M

vm_info: OpenJDK 64-Bit Server VM (11.0.15+0-b2043.56-9505619) for windows-amd64 JRE (11.0.15+0-b2043.56-9505619), built on Jan 19 2023 02:48:00 by "builduser" with unknown MS VC++:1929

END.
